{"/Users/gaziz/Documents/tests/crypto/server/src/index.ts": {"path":"/Users/gaziz/Documents/tests/crypto/server/src/index.ts","statementMap":{"0":{"start":{"line":1,"column":0},"end":{"line":1,"column":37}},"1":{"start":{"line":2,"column":0},"end":{"line":2,"column":28}},"2":{"start":{"line":3,"column":0},"end":{"line":3,"column":28}},"3":{"start":{"line":4,"column":0},"end":{"line":4,"column":47}},"4":{"start":{"line":5,"column":0},"end":{"line":5,"column":43}},"5":{"start":{"line":6,"column":0},"end":{"line":6,"column":43}},"6":{"start":{"line":7,"column":0},"end":{"line":7,"column":55}},"7":{"start":{"line":8,"column":0},"end":{"line":8,"column":66}},"8":{"start":{"line":9,"column":0},"end":{"line":9,"column":71}},"9":{"start":{"line":10,"column":0},"end":{"line":10,"column":58}},"10":{"start":{"line":12,"column":0},"end":{"line":12,"column":16}},"11":{"start":{"line":13,"column":15},"end":{"line":13,"column":33}},"12":{"start":{"line":14,"column":0},"end":{"line":14,"column":37}},"13":{"start":{"line":17,"column":21},"end":{"line":17,"column":30}},"14":{"start":{"line":18,"column":13},"end":{"line":18,"column":37}},"15":{"start":{"line":19,"column":15},"end":{"line":19,"column":35}},"16":{"start":{"line":21,"column":0},"end":{"line":21,"column":27}},"17":{"start":{"line":22,"column":0},"end":{"line":22,"column":32}},"18":{"start":{"line":23,"column":0},"end":{"line":30,"column":3}},"19":{"start":{"line":32,"column":0},"end":{"line":36,"column":3}},"20":{"start":{"line":33,"column":1},"end":{"line":33,"column":33}},"21":{"start":{"line":34,"column":1},"end":{"line":34,"column":33}},"22":{"start":{"line":35,"column":1},"end":{"line":35,"column":8}},"23":{"start":{"line":38,"column":0},"end":{"line":38,"column":72}},"24":{"start":{"line":41,"column":0},"end":{"line":41,"column":63}},"25":{"start":{"line":41,"column":23},"end":{"line":41,"column":61}}},"fnMap":{"0":{"name":"(anonymous_7)","decl":{"start":{"line":32,"column":8},"end":{"line":32,"column":9}},"loc":{"start":{"line":32,"column":27},"end":{"line":36,"column":1}}},"1":{"name":"(anonymous_8)","decl":{"start":{"line":41,"column":17},"end":{"line":41,"column":20}},"loc":{"start":{"line":41,"column":23},"end":{"line":41,"column":61}}}},"branchMap":{"0":{"loc":{"start":{"line":18,"column":13},"end":{"line":18,"column":37}},"type":"binary-expr","locations":[{"start":{"line":18,"column":13},"end":{"line":18,"column":29}},{"start":{"line":18,"column":33},"end":{"line":18,"column":37}}]}},"s":{"0":0,"1":0,"2":0,"3":0,"4":0,"5":0,"6":0,"7":0,"8":0,"9":0,"10":0,"11":0,"12":0,"13":0,"14":0,"15":0,"16":0,"17":0,"18":0,"19":0,"20":0,"21":0,"22":0,"23":0,"24":0,"25":0},"f":{"0":0,"1":0},"b":{"0":[0,0]}}
,"/Users/gaziz/Documents/tests/crypto/server/src/controller/crypto-controller.ts": {"path":"/Users/gaziz/Documents/tests/crypto/server/src/controller/crypto-controller.ts","statementMap":{"0":{"start":{"line":2,"column":0},"end":{"line":2,"column":90}},"1":{"start":{"line":3,"column":0},"end":{"line":3,"column":26}},"2":{"start":{"line":4,"column":0},"end":{"line":4,"column":26}},"3":{"start":{"line":11,"column":7},"end":{"line":30,"column":null}},"4":{"start":{"line":14,"column":18},"end":{"line":14,"column":45}},"5":{"start":{"line":15,"column":17},"end":{"line":15,"column":59}},"6":{"start":{"line":17,"column":2},"end":{"line":17,"column":29}},"7":{"start":{"line":18,"column":14},"end":{"line":21,"column":4}},"8":{"start":{"line":22,"column":2},"end":{"line":26,"column":null}},"9":{"start":{"line":23,"column":3},"end":{"line":23,"column":null}},"10":{"start":{"line":25,"column":3},"end":{"line":25,"column":null}},"11":{"start":{"line":28,"column":2},"end":{"line":28,"column":35}},"12":{"start":{"line":13,"column":7},"end":{"line":29,"column":null}},"13":{"start":{"line":11,"column":13},"end":{"line":30,"column":null}},"14":{"start":{"line":8,"column":1},"end":{"line":8,"column":35}},"15":{"start":{"line":9,"column":1},"end":{"line":9,"column":16}},"16":{"start":{"line":11,"column":13},"end":{"line":11,"column":29}}},"fnMap":{"0":{"name":"(anonymous_12)","decl":{"start":{"line":13,"column":7},"end":{"line":13,"column":17}},"loc":{"start":{"line":13,"column":90},"end":{"line":29,"column":null}}},"1":{"name":"(anonymous_14)","decl":{"start":{"line":7,"column":16},"end":{"line":7,"column":26}},"loc":{"start":{"line":7,"column":54},"end":{"line":10,"column":1}}}},"branchMap":{"0":{"loc":{"start":{"line":22,"column":2},"end":{"line":26,"column":null}},"type":"if","locations":[{"start":{"line":22,"column":2},"end":{"line":26,"column":null}},{"start":{"line":24,"column":8},"end":{"line":26,"column":null}}]},"1":{"loc":{"start":{"line":22,"column":5},"end":{"line":22,"column":14}},"type":"cond-expr","locations":[{"start":{"line":22,"column":8},"end":{"line":22,"column":10}},{"start":{"line":22,"column":5},"end":{"line":22,"column":14}}]},"2":{"loc":{"start":{"line":22,"column":5},"end":{"line":22,"column":10}},"type":"binary-expr","locations":[{"start":{"line":22,"column":5},"end":{"line":22,"column":10}},{"start":{"line":22,"column":5},"end":{"line":22,"column":10}}]},"3":{"loc":{"start":{"line":28,"column":9},"end":{"line":28,"column":34}},"type":"cond-expr","locations":[{"start":{"line":28,"column":21},"end":{"line":28,"column":29}},{"start":{"line":28,"column":32},"end":{"line":28,"column":34}}]},"4":{"loc":{"start":{"line":28,"column":9},"end":{"line":28,"column":18}},"type":"cond-expr","locations":[{"start":{"line":28,"column":12},"end":{"line":28,"column":14}},{"start":{"line":28,"column":9},"end":{"line":28,"column":18}}]},"5":{"loc":{"start":{"line":28,"column":9},"end":{"line":28,"column":14}},"type":"binary-expr","locations":[{"start":{"line":28,"column":9},"end":{"line":28,"column":14}},{"start":{"line":28,"column":9},"end":{"line":28,"column":14}}]}},"s":{"0":1,"1":1,"2":1,"3":1,"4":1,"5":1,"6":1,"7":1,"8":1,"9":1,"10":0,"11":1,"12":1,"13":1,"14":1,"15":1,"16":1},"f":{"0":1,"1":1},"b":{"0":[1,0],"1":[0,1],"2":[1,1],"3":[1,0],"4":[0,1],"5":[1,1]}}
,"/Users/gaziz/Documents/tests/crypto/server/src/middleware/global-error-handler.ts": {"path":"/Users/gaziz/Documents/tests/crypto/server/src/middleware/global-error-handler.ts","statementMap":{"0":{"start":{"line":1,"column":0},"end":{"line":1,"column":82}},"1":{"start":{"line":4,"column":7},"end":{"line":9,"column":null}},"2":{"start":{"line":6,"column":4},"end":{"line":6,"column":57}},"3":{"start":{"line":7,"column":2},"end":{"line":7,"column":9}},"4":{"start":{"line":4,"column":13},"end":{"line":9,"column":null}},"5":{"start":{"line":4,"column":13},"end":{"line":4,"column":31}}},"fnMap":{"0":{"name":"(anonymous_1)","decl":{"start":{"line":5,"column":1},"end":{"line":5,"column":6}},"loc":{"start":{"line":5,"column":52},"end":{"line":8,"column":2}}}},"branchMap":{"0":{"loc":{"start":{"line":6,"column":15},"end":{"line":6,"column":45}},"type":"binary-expr","locations":[{"start":{"line":6,"column":15},"end":{"line":6,"column":29}},{"start":{"line":6,"column":33},"end":{"line":6,"column":45}}]}},"s":{"0":1,"1":1,"2":0,"3":0,"4":1,"5":1},"f":{"0":0},"b":{"0":[0,0]}}
}
