TN:
SF:src/index.ts
FN:32,(anonymous_7)
FN:41,(anonymous_8)
FNF:2
FNH:0
FNDA:0,(anonymous_7)
FNDA:0,(anonymous_8)
DA:1,0
DA:2,0
DA:3,0
DA:4,0
DA:5,0
DA:6,0
DA:7,0
DA:8,0
DA:9,0
DA:10,0
DA:12,0
DA:13,0
DA:14,0
DA:17,0
DA:18,0
DA:19,0
DA:21,0
DA:22,0
DA:23,0
DA:32,0
DA:33,0
DA:34,0
DA:35,0
DA:38,0
DA:41,0
LF:25
LH:0
BRDA:18,0,0,0
BRDA:18,0,1,0
BRF:2
BRH:0
end_of_record
TN:
SF:src/controller/crypto-controller.ts
FN:14,(anonymous_12)
FN:7,(anonymous_14)
FNF:2
FNH:1
FNDA:1,(anonymous_12)
FNDA:0,(anonymous_14)
DA:2,1
DA:3,1
DA:4,1
DA:8,0
DA:9,0
DA:12,1
DA:14,1
DA:15,1
DA:16,1
DA:21,0
LF:10
LH:7
BRF:0
BRH:0
end_of_record
TN:
SF:src/middleware/global-error-handler.ts
FN:5,(anonymous_1)
FNF:1
FNH:1
FNDA:1,(anonymous_1)
DA:1,1
DA:4,1
DA:6,1
DA:7,0
LF:4
LH:3
BRDA:6,0,0,1
BRDA:6,0,1,1
BRF:2
BRH:2
end_of_record
